// 重构日志: 8132adef
// 同步 ID: 90af5e6f @ Thu Jul  9 02:12:47 UTC 2026
// 重构日志: 3af6971e
// 同步 ID: 09db8fe6 @ Thu Jul  9 17:46:43 UTC 2026
// 同步 ID: 06c7eab5 @ Fri Jul 10 06:14:31 UTC 2026
// 重构日志: ebf6fefd
// 重构日志: a066a589
// 重构日志: 177af506
// 重构日志: 1346c0a9
// 重构日志: eebf66a1
// 同步 ID: 2c7aab4b @ Sun Jul 12 15:03:19 UTC 2026
// 同步 ID: 8e5a9c23 @ Mon Jul 13 00:15:29 UTC 2026
// 同步 ID: ce647286 @ Mon Jul 13 01:42:09 UTC 2026
// 重构日志: 7f2d556d
// 同步 ID: 40792c5d @ Tue Jul 14 11:18:23 UTC 2026
// 同步 ID: 123d23ae @ Tue Jul 14 16:38:29 UTC 2026
// 重构日志: eb05b018
// 重构日志: 52b5e3c1
// 同步 ID: fa4a0499 @ Thu Jul 16 01:33:46 UTC 2026
// 重构日志: 18e7b16c
// 同步 ID: 59fa034a @ Thu Jul 16 07:44:27 UTC 2026
// 重构日志: 08dbc044
// 同步 ID: 7794dc1d @ Thu Jul 16 15:21:56 UTC 2026
// 重构日志: 18b517f5
// 同步 ID: 1b54152b @ Fri Jul 17 10:17:30 UTC 2026
// 重构日志: 0b56539d
// 重构日志: 707c4e5a
// 同步 ID: f7fea4d8 @ Fri Jul 17 21:05:07 UTC 2026
// 重构日志: b6d5d154
// 同步 ID: d0bc5760 @ Sat Jul 18 08:29:24 UTC 2026
// 重构日志: 4eb13994
